# JRE version: OpenJDK Runtime Environment Microsoft-40648 (11.0.16.1+1) (build 11.0.16.1+1-LTS)
# Java VM: OpenJDK 64-Bit Server VM Microsoft-40648 (11.0.16.1+1-LTS, mixed mode, tiered, compressed oops, g1 gc, windows-amd64)
Heap:
 garbage-first heap   total 431104K, used 275061K [0x00000000c0000000, 0x0000000100000000)
  region size 1024K, 33 young (33792K), 2 survivors (2048K)
 Metaspace       used 23726K, capacity 24371K, committed 24448K, reserved 1071104K
  class space    used 2644K, capacity 2928K, committed 2944K, reserved 1048576K
GC Heap History (20 events):
Event: 3.245 GC heap before
{Heap before GC invocations=13 (full 0):
 garbage-first heap   total 326656K, used 231424K [0x00000000c0000000, 0x0000000100000000)
  region size 1024K, 88 young (90112K), 12 survivors (12288K)
 Metaspace       used 15248K, capacity 15521K, committed 15744K, reserved 1062912K
  class space    used 1531K, capacity 1644K, committed 1664K, reserved 1048576K
}
Event: 3.261 GC heap after
{Heap after GC invocations=14 (full 0):
 garbage-first heap   total 326656K, used 169410K [0x00000000c0000000, 0x0000000100000000)
  region size 1024K, 11 young (11264K), 11 survivors (11264K)
 Metaspace       used 15248K, capacity 15521K, committed 15744K, reserved 1062912K
  class space    used 1531K, capacity 1644K, committed 1664K, reserved 1048576K
}
Event: 3.484 GC heap before
{Heap before GC invocations=14 (full 0):
 garbage-first heap   total 326656K, used 242114K [0x00000000c0000000, 0x0000000100000000)
  region size 1024K, 82 young (83968K), 11 survivors (11264K)
 Metaspace       used 16958K, capacity 17248K, committed 17536K, reserved 1064960K
  class space    used 1731K, capacity 1882K, committed 1920K, reserved 1048576K
}
Event: 3.497 GC heap after
{Heap after GC invocations=15 (full 0):
 garbage-first heap   total 377856K, used 184306K [0x00000000c0000000, 0x0000000100000000)
  region size 1024K, 11 young (11264K), 11 survivors (11264K)
 Metaspace       used 16958K, capacity 17248K, committed 17536K, reserved 1064960K
  class space    used 1731K, capacity 1882K, committed 1920K, reserved 1048576K
}
Event: 3.607 GC heap before
{Heap before GC invocations=15 (full 0):
 garbage-first heap   total 377856K, used 269298K [0x00000000c0000000, 0x0000000100000000)
  region size 1024K, 94 young (96256K), 11 survivors (11264K)
 Metaspace       used 16959K, capacity 17248K, committed 17536K, reserved 1064960K
  class space    used 1732K, capacity 1882K, committed 1920K, reserved 1048576K
}
Event: 3.624 GC heap after
{Heap after GC invocations=16 (full 0):
 garbage-first heap   total 377856K, used 202190K [0x00000000c0000000, 0x0000000100000000)
  region size 1024K, 12 young (12288K), 12 survivors (12288K)
 Metaspace       used 16959K, capacity 17248K, committed 17536K, reserved 1064960K
  class space    used 1732K, capacity 1882K, committed 1920K, reserved 1048576K
}
Event: 3.772 GC heap before
{Heap before GC invocations=16 (full 0):
 garbage-first heap   total 377856K, used 283086K [0x00000000c0000000, 0x0000000100000000)
  region size 1024K, 91 young (93184K), 12 survivors (12288K)
 Metaspace       used 16910K, capacity 17164K, committed 17536K, reserved 1064960K
  class space    used 1714K, capacity 1847K, committed 1920K, reserved 1048576K
}
Event: 3.790 GC heap after
{Heap after GC invocations=17 (full 0):
 garbage-first heap   total 377856K, used 217597K [0x00000000c0000000, 0x0000000100000000)
  region size 1024K, 12 young (12288K), 12 survivors (12288K)
 Metaspace       used 16910K, capacity 17164K, committed 17536K, reserved 1064960K
  class space    used 1714K, capacity 1847K, committed 1920K, reserved 1048576K
}
Event: 3.884 GC heap before
{Heap before GC invocations=18 (full 0):
 garbage-first heap   total 377856K, used 294397K [0x00000000c0000000, 0x0000000100000000)
  region size 1024K, 87 young (89088K), 12 survivors (12288K)
 Metaspace       used 16910K, capacity 17164K, committed 17536K, reserved 1064960K
  class space    used 1714K, capacity 1847K, committed 1920K, reserved 1048576K
}
Event: 3.899 GC heap after
{Heap after GC invocations=19 (full 0):
 garbage-first heap   total 377856K, used 232937K [0x00000000c0000000, 0x0000000100000000)
  region size 1024K, 11 young (11264K), 11 survivors (11264K)
 Metaspace       used 16910K, capacity 17164K, committed 17536K, reserved 1064960K
  class space    used 1714K, capacity 1847K, committed 1920K, reserved 1048576K
}
Event: 3.911 GC heap before
{Heap before GC invocations=19 (full 0):
 garbage-first heap   total 377856K, used 240105K [0x00000000c0000000, 0x0000000100000000)
  region size 1024K, 18 young (18432K), 11 survivors (11264K)
 Metaspace       used 16910K, capacity 17164K, committed 17536K, reserved 1064960K
  class space    used 1714K, capacity 1847K, committed 1920K, reserved 1048576K
}
Event: 3.922 GC heap after
{Heap after GC invocations=20 (full 0):
 garbage-first heap   total 377856K, used 226156K [0x00000000c0000000, 0x0000000100000000)
  region size 1024K, 3 young (3072K), 3 survivors (3072K)
 Metaspace       used 16910K, capacity 17164K, committed 17536K, reserved 1064960K
  class space    used 1714K, capacity 1847K, committed 1920K, reserved 1048576K
}
Event: 3.998 GC heap before
{Heap before GC invocations=20 (full 0):
 garbage-first heap   total 377856K, used 298860K [0x00000000c0000000, 0x0000000100000000)
  region size 1024K, 74 young (75776K), 3 survivors (3072K)
 Metaspace       used 16910K, capacity 17164K, committed 17536K, reserved 1064960K
  class space    used 1714K, capacity 1847K, committed 1920K, reserved 1048576K
}
Event: 4.008 GC heap after
{Heap after GC invocations=21 (full 0):
 garbage-first heap   total 431104K, used 239104K [0x00000000c0000000, 0x0000000100000000)
  region size 1024K, 10 young (10240K), 10 survivors (10240K)
 Metaspace       used 16910K, capacity 17164K, committed 17536K, reserved 1064960K
  class space    used 1714K, capacity 1847K, committed 1920K, reserved 1048576K
}
Event: 4.272 GC heap before
{Heap before GC invocations=21 (full 0):
 garbage-first heap   total 431104K, used 326144K [0x00000000c0000000, 0x0000000100000000)
  region size 1024K, 96 young (98304K), 10 survivors (10240K)
 Metaspace       used 16907K, capacity 17158K, committed 17536K, reserved 1064960K
  class space    used 1714K, capacity 1845K, committed 1920K, reserved 1048576K
}
Event: 4.288 GC heap after
{Heap after GC invocations=22 (full 0):
 garbage-first heap   total 431104K, used 253667K [0x00000000c0000000, 0x0000000100000000)
  region size 1024K, 12 young (12288K), 12 survivors (12288K)
 Metaspace       used 16907K, capacity 17158K, committed 17536K, reserved 1064960K
  class space    used 1714K, capacity 1845K, committed 1920K, reserved 1048576K
}
Event: 4.922 GC heap before
{Heap before GC invocations=23 (full 0):
 garbage-first heap   total 431104K, used 336611K [0x00000000c0000000, 0x0000000100000000)
  region size 1024K, 94 young (96256K), 12 survivors (12288K)
 Metaspace       used 22965K, capacity 23582K, committed 23680K, reserved 1071104K
  class space    used 2603K, capacity 2882K, committed 2944K, reserved 1048576K
}
Event: 4.932 GC heap after
{Heap after GC invocations=24 (full 0):
 garbage-first heap   total 431104K, used 261248K [0x00000000c0000000, 0x0000000100000000)
  region size 1024K, 7 young (7168K), 7 survivors (7168K)
 Metaspace       used 22965K, capacity 23582K, committed 23680K, reserved 1071104K
  class space    used 2603K, capacity 2882K, committed 2944K, reserved 1048576K
}
Event: 5.013 GC heap before
{Heap before GC invocations=24 (full 0):
 garbage-first heap   total 431104K, used 275584K [0x00000000c0000000, 0x0000000100000000)
  region size 1024K, 21 young (21504K), 7 survivors (7168K)
 Metaspace       used 23220K, capacity 23843K, committed 23936K, reserved 1071104K
  class space    used 2606K, capacity 2882K, committed 2944K, reserved 1048576K
}
Event: 5.020 GC heap after
{Heap after GC invocations=25 (full 0):
 garbage-first heap   total 431104K, used 244341K [0x00000000c0000000, 0x0000000100000000)
  region size 1024K, 2 young (2048K), 2 survivors (2048K)
 Metaspace       used 23220K, capacity 23843K, committed 23936K, reserved 1071104K
  class space    used 2606K, capacity 2882K, committed 2944K, reserved 1048576K
}

