# JRE version: OpenJDK Runtime Environment Microsoft-40648 (11.0.16.1+1) (build 11.0.16.1+1-LTS)
# Java VM: OpenJDK 64-Bit Server VM Microsoft-40648 (11.0.16.1+1-LTS, mixed mode, tiered, compressed oops, g1 gc, windows-amd64)
Heap:
 garbage-first heap   total 446464K, used 255002K [0x00000000c0000000, 0x0000000100000000)
  region size 1024K, 22 young (22528K), 6 survivors (6144K)
 Metaspace       used 24965K, capacity 25540K, committed 25856K, reserved 1073152K
  class space    used 2672K, capacity 2942K, committed 3072K, reserved 1048576K
GC Heap History (20 events):
Event: 8.297 GC heap before
{Heap before GC invocations=33 (full 0):
 garbage-first heap   total 446464K, used 371722K [0x00000000c0000000, 0x0000000100000000)
  region size 1024K, 132 young (135168K), 4 survivors (4096K)
 Metaspace       used 24781K, capacity 25367K, committed 25600K, reserved 1071104K
  class space    used 2664K, capacity 2929K, committed 3072K, reserved 1048576K
}
Event: 8.302 GC heap after
{Heap after GC invocations=34 (full 0):
 garbage-first heap   total 446464K, used 241615K [0x00000000c0000000, 0x0000000100000000)
  region size 1024K, 5 young (5120K), 5 survivors (5120K)
 Metaspace       used 24781K, capacity 25367K, committed 25600K, reserved 1071104K
  class space    used 2664K, capacity 2929K, committed 3072K, reserved 1048576K
}
Event: 8.511 GC heap before
{Heap before GC invocations=34 (full 0):
 garbage-first heap   total 446464K, used 375759K [0x00000000c0000000, 0x0000000100000000)
  region size 1024K, 136 young (139264K), 5 survivors (5120K)
 Metaspace       used 24808K, capacity 25433K, committed 25600K, reserved 1071104K
  class space    used 2664K, capacity 2929K, committed 3072K, reserved 1048576K
}
Event: 8.516 GC heap after
{Heap after GC invocations=35 (full 0):
 garbage-first heap   total 446464K, used 241954K [0x00000000c0000000, 0x0000000100000000)
  region size 1024K, 5 young (5120K), 5 survivors (5120K)
 Metaspace       used 24808K, capacity 25433K, committed 25600K, reserved 1071104K
  class space    used 2664K, capacity 2929K, committed 3072K, reserved 1048576K
}
Event: 8.802 GC heap before
{Heap before GC invocations=35 (full 0):
 garbage-first heap   total 446464K, used 380194K [0x00000000c0000000, 0x0000000100000000)
  region size 1024K, 140 young (143360K), 5 survivors (5120K)
 Metaspace       used 24871K, capacity 25452K, committed 25600K, reserved 1071104K
  class space    used 2668K, capacity 2935K, committed 3072K, reserved 1048576K
}
Event: 8.808 GC heap after
{Heap after GC invocations=36 (full 0):
 garbage-first heap   total 446464K, used 242781K [0x00000000c0000000, 0x0000000100000000)
  region size 1024K, 6 young (6144K), 6 survivors (6144K)
 Metaspace       used 24871K, capacity 25452K, committed 25600K, reserved 1071104K
  class space    used 2668K, capacity 2935K, committed 3072K, reserved 1048576K
}
Event: 8.999 GC heap before
{Heap before GC invocations=36 (full 0):
 garbage-first heap   total 446464K, used 382045K [0x00000000c0000000, 0x0000000100000000)
  region size 1024K, 142 young (145408K), 6 survivors (6144K)
 Metaspace       used 24894K, capacity 25519K, committed 25856K, reserved 1073152K
  class space    used 2668K, capacity 2935K, committed 3072K, reserved 1048576K
}
Event: 9.005 GC heap after
{Heap after GC invocations=37 (full 0):
 garbage-first heap   total 446464K, used 244059K [0x00000000c0000000, 0x0000000100000000)
  region size 1024K, 7 young (7168K), 7 survivors (7168K)
 Metaspace       used 24894K, capacity 25519K, committed 25856K, reserved 1073152K
  class space    used 2668K, capacity 2935K, committed 3072K, reserved 1048576K
}
Event: 9.468 GC heap before
{Heap before GC invocations=38 (full 0):
 garbage-first heap   total 446464K, used 384347K [0x00000000c0000000, 0x0000000100000000)
  region size 1024K, 144 young (147456K), 7 survivors (7168K)
 Metaspace       used 24914K, capacity 25527K, committed 25856K, reserved 1073152K
  class space    used 2669K, capacity 2938K, committed 3072K, reserved 1048576K
}
Event: 9.477 GC heap after
{Heap after GC invocations=39 (full 0):
 garbage-first heap   total 446464K, used 244468K [0x00000000c0000000, 0x0000000100000000)
  region size 1024K, 8 young (8192K), 8 survivors (8192K)
 Metaspace       used 24914K, capacity 25527K, committed 25856K, reserved 1073152K
  class space    used 2669K, capacity 2938K, committed 3072K, reserved 1048576K
}
Event: 9.509 GC heap before
{Heap before GC invocations=39 (full 0):
 garbage-first heap   total 446464K, used 257780K [0x00000000c0000000, 0x0000000100000000)
  region size 1024K, 21 young (21504K), 8 survivors (8192K)
 Metaspace       used 24914K, capacity 25527K, committed 25856K, reserved 1073152K
  class space    used 2669K, capacity 2938K, committed 3072K, reserved 1048576K
}
Event: 9.519 GC heap after
{Heap after GC invocations=40 (full 0):
 garbage-first heap   total 446464K, used 235992K [0x00000000c0000000, 0x0000000100000000)
  region size 1024K, 3 young (3072K), 3 survivors (3072K)
 Metaspace       used 24914K, capacity 25527K, committed 25856K, reserved 1073152K
  class space    used 2669K, capacity 2938K, committed 3072K, reserved 1048576K
}
Event: 9.715 GC heap before
{Heap before GC invocations=40 (full 0):
 garbage-first heap   total 446464K, used 379352K [0x00000000c0000000, 0x0000000100000000)
  region size 1024K, 143 young (146432K), 3 survivors (3072K)
 Metaspace       used 24926K, capacity 25527K, committed 25856K, reserved 1073152K
  class space    used 2670K, capacity 2938K, committed 3072K, reserved 1048576K
}
Event: 9.719 GC heap after
{Heap after GC invocations=41 (full 0):
 garbage-first heap   total 446464K, used 236065K [0x00000000c0000000, 0x0000000100000000)
  region size 1024K, 3 young (3072K), 3 survivors (3072K)
 Metaspace       used 24926K, capacity 25527K, committed 25856K, reserved 1073152K
  class space    used 2670K, capacity 2938K, committed 3072K, reserved 1048576K
}
Event: 9.875 GC heap before
{Heap before GC invocations=41 (full 0):
 garbage-first heap   total 446464K, used 385569K [0x00000000c0000000, 0x0000000100000000)
  region size 1024K, 150 young (153600K), 3 survivors (3072K)
 Metaspace       used 24937K, capacity 25527K, committed 25856K, reserved 1073152K
  class space    used 2670K, capacity 2938K, committed 3072K, reserved 1048576K
}
Event: 9.879 GC heap after
{Heap after GC invocations=42 (full 0):
 garbage-first heap   total 446464K, used 236822K [0x00000000c0000000, 0x0000000100000000)
  region size 1024K, 4 young (4096K), 4 survivors (4096K)
 Metaspace       used 24937K, capacity 25527K, committed 25856K, reserved 1073152K
  class space    used 2670K, capacity 2938K, committed 3072K, reserved 1048576K
}
Event: 10.133 GC heap before
{Heap before GC invocations=42 (full 0):
 garbage-first heap   total 446464K, used 388374K [0x00000000c0000000, 0x0000000100000000)
  region size 1024K, 152 young (155648K), 4 survivors (4096K)
 Metaspace       used 24954K, capacity 25540K, committed 25856K, reserved 1073152K
  class space    used 2672K, capacity 2942K, committed 3072K, reserved 1048576K
}
Event: 10.138 GC heap after
{Heap after GC invocations=43 (full 0):
 garbage-first heap   total 446464K, used 237695K [0x00000000c0000000, 0x0000000100000000)
  region size 1024K, 5 young (5120K), 5 survivors (5120K)
 Metaspace       used 24954K, capacity 25540K, committed 25856K, reserved 1073152K
  class space    used 2672K, capacity 2942K, committed 3072K, reserved 1048576K
}
Event: 10.325 GC heap before
{Heap before GC invocations=43 (full 0):
 garbage-first heap   total 446464K, used 390271K [0x00000000c0000000, 0x0000000100000000)
  region size 1024K, 154 young (157696K), 5 survivors (5120K)
 Metaspace       used 24963K, capacity 25540K, committed 25856K, reserved 1073152K
  class space    used 2672K, capacity 2942K, committed 3072K, reserved 1048576K
}
Event: 10.330 GC heap after
{Heap after GC invocations=44 (full 0):
 garbage-first heap   total 446464K, used 238618K [0x00000000c0000000, 0x0000000100000000)
  region size 1024K, 5 young (5120K), 5 survivors (5120K)
 Metaspace       used 24963K, capacity 25540K, committed 25856K, reserved 1073152K
  class space    used 2672K, capacity 2942K, committed 3072K, reserved 1048576K
}

